Arguments: 
  /usr/local/bin/node /Users/mac/.npm-global/bin/yarn add -D @rollup/plugin-babel

PATH: 
  /Users/mac/bin:/Users/mac/nvim-osx64/bin:Users/mac/go/bin:Users/mac/mongodb/bin:/usr/local/opt/ncurses/bin:/Users/mac/.npm-global/bin:/usr/local/bin:/usr/bin:/bin:/usr/sbin:/sbin:/usr/local/go/bin:/usr/local/aria2/bin:/Library/Apple/usr/bin:/Users/mac/development/flutter/bin

Yarn version: 
  1.22.17

Node version: 
  14.18.1

Platform: 
  darwin x64

Trace: 
  SyntaxError: /Users/mac/Desktop/projects/websitecloning/solana.com/package.json: Unexpected string in JSON at position 147
      at JSON.parse (<anonymous>)
      at /Users/mac/.npm-global/lib/node_modules/yarn/lib/cli.js:1625:59
      at Generator.next (<anonymous>)
      at step (/Users/mac/.npm-global/lib/node_modules/yarn/lib/cli.js:310:30)
      at /Users/mac/.npm-global/lib/node_modules/yarn/lib/cli.js:321:13

npm manifest: 
  {
    "name": "solana.com",
    "version": "1.0.0",
    "main": "index.js",
    "scripts": {
      "test": "echo \"Error: no test specified\" && exit 1"
      "start": "rollup --config"
    },
    "keywords": [],
    "author": "",
    "license": "ISC",
    "description": "",
    "devDependencies": {
      "rollup": "^2.59.0"
    }
  }

yarn manifest: 
  No manifest

Lockfile: 
  # THIS IS AN AUTOGENERATED FILE. DO NOT EDIT THIS FILE DIRECTLY.
  # yarn lockfile v1
  
  
  fsevents@~2.3.2:
    version "2.3.2"
    resolved "https://registry.yarnpkg.com/fsevents/-/fsevents-2.3.2.tgz#8a526f78b8fdf4623b709e0b975c52c24c02fd1a"
    integrity sha512-xiqMQR4xAeHTuB9uWm+fFRcIOgKBMiOBP+eXiyT7jsgVCq1bkVygt00oASowB7EdtpOHaaPgKt812P9ab+DDKA==
  
  rollup@^2.59.0:
    version "2.59.0"
    resolved "https://registry.yarnpkg.com/rollup/-/rollup-2.59.0.tgz#108c61b0fa0a37ebc8d1f164f281622056f0db59"
    integrity sha512-l7s90JQhCQ6JyZjKgo7Lq1dKh2RxatOM+Jr6a9F7WbS9WgKbocyUSeLmZl8evAse7y96Ae98L2k1cBOwWD8nHw==
    optionalDependencies:
      fsevents "~2.3.2"
